<?xml version="1.0" encoding="UTF-8"?>
<testsuite xmlns:xsi="http://www.w3.org/2001/XMLSchema-instance" xsi:noNamespaceSchemaLocation="https://maven.apache.org/surefire/maven-surefire-plugin/xsd/surefire-test-report-3.0.xsd" version="3.0" name="org.acme.greeting.extension.deployment.GreetingExtensionTest" time="5.127" tests="1" errors="0" skipped="0" failures="0">
  <properties>
    <property name="sun.desktop" value="windows"/>
    <property name="awt.toolkit" value="sun.awt.windows.WToolkit"/>
    <property name="java.specification.version" value="11"/>
    <property name="sun.cpu.isalist" value="amd64"/>
    <property name="test.url" value="http://localhost:7714"/>
    <property name="sun.jnu.encoding" value="Cp1252"/>
    <property name="java.class.path" value="E:\Devs\my_project\quarkus\greeting-extension\deployment\target\test-classes;E:\Devs\my_project\quarkus\greeting-extension\deployment\target\classes;E:\Devs\my_project\quarkus\greeting-extension\runtime\target\greeting-extension-1.0.0-SNAPSHOT.jar;C:\Users\mavo1018\.m2\repository\io\quarkus\quarkus-arc\2.8.1.Final\quarkus-arc-2.8.1.Final.jar;C:\Users\mavo1018\.m2\repository\io\quarkus\arc\arc\2.8.1.Final\arc-2.8.1.Final.jar;C:\Users\mavo1018\.m2\repository\jakarta\transaction\jakarta.transaction-api\1.3.3\jakarta.transaction-api-1.3.3.jar;C:\Users\mavo1018\.m2\repository\org\eclipse\microprofile\context-propagation\microprofile-context-propagation-api\1.2\microprofile-context-propagation-api-1.2.jar;C:\Users\mavo1018\.m2\repository\io\quarkus\quarkus-undertow\2.8.1.Final\quarkus-undertow-2.8.1.Final.jar;C:\Users\mavo1018\.m2\repository\io\quarkus\quarkus-vertx-http\2.8.1.Final\quarkus-vertx-http-2.8.1.Final.jar;C:\Users\mavo1018\.m2\repository\io\quarkus\quarkus-security-runtime-spi\2.8.1.Final\quarkus-security-runtime-spi-2.8.1.Final.jar;C:\Users\mavo1018\.m2\repository\io\quarkus\quarkus-mutiny\2.8.1.Final\quarkus-mutiny-2.8.1.Final.jar;C:\Users\mavo1018\.m2\repository\io\quarkus\quarkus-smallrye-context-propagation\2.8.1.Final\quarkus-smallrye-context-propagation-2.8.1.Final.jar;C:\Users\mavo1018\.m2\repository\io\smallrye\smallrye-context-propagation\1.2.2\smallrye-context-propagation-1.2.2.jar;C:\Users\mavo1018\.m2\repository\io\smallrye\smallrye-context-propagation-api\1.2.2\smallrye-context-propagation-api-1.2.2.jar;C:\Users\mavo1018\.m2\repository\io\smallrye\smallrye-context-propagation-storage\1.2.2\smallrye-context-propagation-storage-1.2.2.jar;C:\Users\mavo1018\.m2\repository\io\smallrye\reactive\mutiny-smallrye-context-propagation\1.4.0\mutiny-smallrye-context-propagation-1.4.0.jar;C:\Users\mavo1018\.m2\repository\io\smallrye\common\smallrye-common-vertx-context\1.10.0\smallrye-common-vertx-context-1.10.0.jar;C:\Users\mavo1018\.m2\repository\io\smallrye\common\smallrye-common-constraint\1.10.0\smallrye-common-constraint-1.10.0.jar;C:\Users\mavo1018\.m2\repository\io\quarkus\quarkus-vertx-http-dev-console-runtime-spi\2.8.1.Final\quarkus-vertx-http-dev-console-runtime-spi-2.8.1.Final.jar;C:\Users\mavo1018\.m2\repository\io\quarkus\quarkus-vertx\2.8.1.Final\quarkus-vertx-2.8.1.Final.jar;C:\Users\mavo1018\.m2\repository\io\quarkus\quarkus-netty\2.8.1.Final\quarkus-netty-2.8.1.Final.jar;C:\Users\mavo1018\.m2\repository\io\netty\netty-codec-haproxy\4.1.74.Final\netty-codec-haproxy-4.1.74.Final.jar;C:\Users\mavo1018\.m2\repository\io\smallrye\common\smallrye-common-annotation\1.10.0\smallrye-common-annotation-1.10.0.jar;C:\Users\mavo1018\.m2\repository\io\smallrye\reactive\smallrye-mutiny-vertx-core\2.21.0\smallrye-mutiny-vertx-core-2.21.0.jar;C:\Users\mavo1018\.m2\repository\io\smallrye\reactive\smallrye-mutiny-vertx-runtime\2.21.0\smallrye-mutiny-vertx-runtime-2.21.0.jar;C:\Users\mavo1018\.m2\repository\io\smallrye\reactive\vertx-mutiny-generator\2.21.0\vertx-mutiny-generator-2.21.0.jar;C:\Users\mavo1018\.m2\repository\io\vertx\vertx-codegen\4.2.7\vertx-codegen-4.2.7.jar;C:\Users\mavo1018\.m2\repository\io\smallrye\smallrye-fault-tolerance-vertx\5.3.1\smallrye-fault-tolerance-vertx-5.3.1.jar;C:\Users\mavo1018\.m2\repository\io\smallrye\reactive\smallrye-mutiny-vertx-web\2.21.0\smallrye-mutiny-vertx-web-2.21.0.jar;C:\Users\mavo1018\.m2\repository\io\smallrye\reactive\smallrye-mutiny-vertx-web-common\2.21.0\smallrye-mutiny-vertx-web-common-2.21.0.jar;C:\Users\mavo1018\.m2\repository\io\smallrye\reactive\smallrye-mutiny-vertx-auth-common\2.21.0\smallrye-mutiny-vertx-auth-common-2.21.0.jar;C:\Users\mavo1018\.m2\repository\io\smallrye\reactive\smallrye-mutiny-vertx-bridge-common\2.21.0\smallrye-mutiny-vertx-bridge-common-2.21.0.jar;C:\Users\mavo1018\.m2\repository\io\vertx\vertx-web\4.2.7\vertx-web-4.2.7.jar;C:\Users\mavo1018\.m2\repository\io\vertx\vertx-web-common\4.2.7\vertx-web-common-4.2.7.jar;C:\Users\mavo1018\.m2\repository\io\vertx\vertx-auth-common\4.2.7\vertx-auth-common-4.2.7.jar;C:\Users\mavo1018\.m2\repository\io\vertx\vertx-bridge-common\4.2.7\vertx-bridge-common-4.2.7.jar;C:\Users\mavo1018\.m2\repository\io\quarkus\security\quarkus-security\1.1.4.Final\quarkus-security-1.1.4.Final.jar;C:\Users\mavo1018\.m2\repository\io\smallrye\reactive\mutiny\1.4.0\mutiny-1.4.0.jar;C:\Users\mavo1018\.m2\repository\org\reactivestreams\reactive-streams\1.0.3\reactive-streams-1.0.3.jar;C:\Users\mavo1018\.m2\repository\jakarta\annotation\jakarta.annotation-api\1.3.5\jakarta.annotation-api-1.3.5.jar;C:\Users\mavo1018\.m2\repository\io\quarkus\http\quarkus-http-vertx-backend\4.1.8\quarkus-http-vertx-backend-4.1.8.jar;C:\Users\mavo1018\.m2\repository\io\vertx\vertx-core\4.2.7\vertx-core-4.2.7.jar;C:\Users\mavo1018\.m2\repository\io\netty\netty-common\4.1.74.Final\netty-common-4.1.74.Final.jar;C:\Users\mavo1018\.m2\repository\io\netty\netty-buffer\4.1.74.Final\netty-buffer-4.1.74.Final.jar;C:\Users\mavo1018\.m2\repository\io\netty\netty-transport\4.1.74.Final\netty-transport-4.1.74.Final.jar;C:\Users\mavo1018\.m2\repository\io\netty\netty-handler\4.1.74.Final\netty-handler-4.1.74.Final.jar;C:\Users\mavo1018\.m2\repository\io\netty\netty-tcnative-classes\2.0.48.Final\netty-tcnative-classes-2.0.48.Final.jar;C:\Users\mavo1018\.m2\repository\io\netty\netty-handler-proxy\4.1.74.Final\netty-handler-proxy-4.1.74.Final.jar;C:\Users\mavo1018\.m2\repository\io\netty\netty-codec-socks\4.1.74.Final\netty-codec-socks-4.1.74.Final.jar;C:\Users\mavo1018\.m2\repository\io\netty\netty-codec-http2\4.1.74.Final\netty-codec-http2-4.1.74.Final.jar;C:\Users\mavo1018\.m2\repository\io\netty\netty-resolver\4.1.74.Final\netty-resolver-4.1.74.Final.jar;C:\Users\mavo1018\.m2\repository\io\netty\netty-resolver-dns\4.1.74.Final\netty-resolver-dns-4.1.74.Final.jar;C:\Users\mavo1018\.m2\repository\io\netty\netty-codec-dns\4.1.74.Final\netty-codec-dns-4.1.74.Final.jar;C:\Users\mavo1018\.m2\repository\io\quarkus\http\quarkus-http-http-core\4.1.8\quarkus-http-http-core-4.1.8.jar;C:\Users\mavo1018\.m2\repository\io\quarkus\http\quarkus-http-core\4.1.8\quarkus-http-core-4.1.8.jar;C:\Users\mavo1018\.m2\repository\io\netty\netty-codec-http\4.1.74.Final\netty-codec-http-4.1.74.Final.jar;C:\Users\mavo1018\.m2\repository\io\netty\netty-codec\4.1.74.Final\netty-codec-4.1.74.Final.jar;C:\Users\mavo1018\.m2\repository\io\quarkus\quarkus-junit5-internal\2.8.1.Final\quarkus-junit5-internal-2.8.1.Final.jar;C:\Users\mavo1018\.m2\repository\org\jboss\shrinkwrap\shrinkwrap-api\1.2.6\shrinkwrap-api-1.2.6.jar;C:\Users\mavo1018\.m2\repository\org\jboss\shrinkwrap\shrinkwrap-spi\1.2.6\shrinkwrap-spi-1.2.6.jar;C:\Users\mavo1018\.m2\repository\org\jboss\shrinkwrap\shrinkwrap-impl-base\1.2.6\shrinkwrap-impl-base-1.2.6.jar;C:\Users\mavo1018\.m2\repository\org\junit\jupiter\junit-jupiter-api\5.8.2\junit-jupiter-api-5.8.2.jar;C:\Users\mavo1018\.m2\repository\org\opentest4j\opentest4j\1.2.0\opentest4j-1.2.0.jar;C:\Users\mavo1018\.m2\repository\org\junit\platform\junit-platform-commons\1.8.2\junit-platform-commons-1.8.2.jar;C:\Users\mavo1018\.m2\repository\org\apiguardian\apiguardian-api\1.1.2\apiguardian-api-1.1.2.jar;C:\Users\mavo1018\.m2\repository\org\junit\jupiter\junit-jupiter-params\5.8.2\junit-jupiter-params-5.8.2.jar;C:\Users\mavo1018\.m2\repository\org\junit\jupiter\junit-jupiter-engine\5.8.2\junit-jupiter-engine-5.8.2.jar;C:\Users\mavo1018\.m2\repository\org\junit\platform\junit-platform-engine\1.8.2\junit-platform-engine-1.8.2.jar;C:\Users\mavo1018\.m2\repository\io\quarkus\quarkus-core\2.8.1.Final\quarkus-core-2.8.1.Final.jar;C:\Users\mavo1018\.m2\repository\jakarta\inject\jakarta.inject-api\1.0\jakarta.inject-api-1.0.jar;C:\Users\mavo1018\.m2\repository\io\quarkus\quarkus-ide-launcher\2.8.1.Final\quarkus-ide-launcher-2.8.1.Final.jar;C:\Users\mavo1018\.m2\repository\io\quarkus\quarkus-development-mode-spi\2.8.1.Final\quarkus-development-mode-spi-2.8.1.Final.jar;C:\Users\mavo1018\.m2\repository\io\smallrye\config\smallrye-config\2.9.2\smallrye-config-2.9.2.jar;C:\Users\mavo1018\.m2\repository\io\smallrye\config\smallrye-config-core\2.9.2\smallrye-config-core-2.9.2.jar;C:\Users\mavo1018\.m2\repository\org\eclipse\microprofile\config\microprofile-config-api\2.0.1\microprofile-config-api-2.0.1.jar;C:\Users\mavo1018\.m2\repository\io\smallrye\common\smallrye-common-expression\1.10.0\smallrye-common-expression-1.10.0.jar;C:\Users\mavo1018\.m2\repository\io\smallrye\common\smallrye-common-function\1.10.0\smallrye-common-function-1.10.0.jar;C:\Users\mavo1018\.m2\repository\io\smallrye\common\smallrye-common-classloader\1.10.0\smallrye-common-classloader-1.10.0.jar;C:\Users\mavo1018\.m2\repository\io\smallrye\config\smallrye-config-common\2.9.2\smallrye-config-common-2.9.2.jar;C:\Users\mavo1018\.m2\repository\org\jboss\logging\jboss-logging\3.4.3.Final\jboss-logging-3.4.3.Final.jar;C:\Users\mavo1018\.m2\repository\org\jboss\logmanager\jboss-logmanager-embedded\1.0.9\jboss-logmanager-embedded-1.0.9.jar;C:\Users\mavo1018\.m2\repository\org\jboss\logging\jboss-logging-annotations\2.2.1.Final\jboss-logging-annotations-2.2.1.Final.jar;C:\Users\mavo1018\.m2\repository\org\jboss\threads\jboss-threads\3.4.2.Final\jboss-threads-3.4.2.Final.jar;C:\Users\mavo1018\.m2\repository\org\slf4j\slf4j-api\1.7.36\slf4j-api-1.7.36.jar;C:\Users\mavo1018\.m2\repository\org\jboss\slf4j\slf4j-jboss-logmanager\1.1.0.Final\slf4j-jboss-logmanager-1.1.0.Final.jar;C:\Users\mavo1018\.m2\repository\org\graalvm\sdk\graal-sdk\22.0.0.2\graal-sdk-22.0.0.2.jar;C:\Users\mavo1018\.m2\repository\org\wildfly\common\wildfly-common\1.5.4.Final-format-001\wildfly-common-1.5.4.Final-format-001.jar;C:\Users\mavo1018\.m2\repository\io\quarkus\quarkus-bootstrap-runner\2.8.1.Final\quarkus-bootstrap-runner-2.8.1.Final.jar;C:\Users\mavo1018\.m2\repository\io\quarkus\quarkus-fs-util\0.0.9\quarkus-fs-util-0.0.9.jar;C:\Users\mavo1018\.m2\repository\io\quarkus\quarkus-test-common\2.8.1.Final\quarkus-test-common-2.8.1.Final.jar;C:\Users\mavo1018\.m2\repository\io\quarkus\quarkus-jsonp-deployment\2.8.1.Final\quarkus-jsonp-deployment-2.8.1.Final.jar;C:\Users\mavo1018\.m2\repository\io\quarkus\quarkus-jsonp\2.8.1.Final\quarkus-jsonp-2.8.1.Final.jar;C:\Users\mavo1018\.m2\repository\org\glassfish\jakarta.json\1.1.6\jakarta.json-1.1.6.jar;C:\Users\mavo1018\.m2\repository\org\jboss\jandex\2.4.2.Final\jandex-2.4.2.Final.jar;C:\Users\mavo1018\.m2\repository\org\jboss\logging\commons-logging-jboss-logging\1.0.0.Final\commons-logging-jboss-logging-1.0.0.Final.jar;C:\Users\mavo1018\.m2\repository\jakarta\enterprise\jakarta.enterprise.cdi-api\2.0.2\jakarta.enterprise.cdi-api-2.0.2.jar;C:\Users\mavo1018\.m2\repository\jakarta\el\jakarta.el-api\3.0.3\jakarta.el-api-3.0.3.jar;C:\Users\mavo1018\.m2\repository\jakarta\interceptor\jakarta.interceptor-api\1.2.5\jakarta.interceptor-api-1.2.5.jar;C:\Users\mavo1018\.m2\repository\io\quarkus\quarkus-devtools-utilities\2.8.1.Final\quarkus-devtools-utilities-2.8.1.Final.jar;C:\Users\mavo1018\.m2\repository\org\awaitility\awaitility\4.2.0\awaitility-4.2.0.jar;C:\Users\mavo1018\.m2\repository\io\quarkus\quarkus-undertow-deployment\2.8.1.Final\quarkus-undertow-deployment-2.8.1.Final.jar;C:\Users\mavo1018\.m2\repository\io\quarkus\http\quarkus-http-servlet\4.1.8\quarkus-http-servlet-4.1.8.jar;C:\Users\mavo1018\.m2\repository\jakarta\servlet\jakarta.servlet-api\4.0.3\jakarta.servlet-api-4.0.3.jar;C:\Users\mavo1018\.m2\repository\io\quarkus\quarkus-core-deployment\2.8.1.Final\quarkus-core-deployment-2.8.1.Final.jar;C:\Users\mavo1018\.m2\repository\org\aesh\readline\2.2\readline-2.2.jar;C:\Users\mavo1018\.m2\repository\org\fusesource\jansi\jansi\1.18\jansi-1.18.jar;C:\Users\mavo1018\.m2\repository\org\aesh\aesh\2.6\aesh-2.6.jar;C:\Users\mavo1018\.m2\repository\org\apache\commons\commons-lang3\3.12.0\commons-lang3-3.12.0.jar;C:\Users\mavo1018\.m2\repository\io\quarkus\gizmo\gizmo\1.0.10.Final\gizmo-1.0.10.Final.jar;C:\Users\mavo1018\.m2\repository\org\ow2\asm\asm-util\9.2\asm-util-9.2.jar;C:\Users\mavo1018\.m2\repository\org\ow2\asm\asm\9.2\asm-9.2.jar;C:\Users\mavo1018\.m2\repository\org\ow2\asm\asm-commons\9.2\asm-commons-9.2.jar;C:\Users\mavo1018\.m2\repository\org\ow2\asm\asm-tree\9.2\asm-tree-9.2.jar;C:\Users\mavo1018\.m2\repository\org\ow2\asm\asm-analysis\9.2\asm-analysis-9.2.jar;C:\Users\mavo1018\.m2\repository\io\quarkus\quarkus-class-change-agent\2.8.1.Final\quarkus-class-change-agent-2.8.1.Final.jar;C:\Users\mavo1018\.m2\repository\io\quarkus\quarkus-builder\2.8.1.Final\quarkus-builder-2.8.1.Final.jar;C:\Users\mavo1018\.m2\repository\org\junit\platform\junit-platform-launcher\1.8.2\junit-platform-launcher-1.8.2.jar;C:\Users\mavo1018\.m2\repository\io\quarkus\quarkus-arc-deployment\2.8.1.Final\quarkus-arc-deployment-2.8.1.Final.jar;C:\Users\mavo1018\.m2\repository\io\quarkus\quarkus-vertx-http-dev-console-spi\2.8.1.Final\quarkus-vertx-http-dev-console-spi-2.8.1.Final.jar;C:\Users\mavo1018\.m2\repository\io\quarkus\arc\arc-processor\2.8.1.Final\arc-processor-2.8.1.Final.jar;C:\Users\mavo1018\.m2\repository\io\quarkus\quarkus-undertow-spi\2.8.1.Final\quarkus-undertow-spi-2.8.1.Final.jar;C:\Users\mavo1018\.m2\repository\io\quarkus\quarkus-vertx-http-deployment\2.8.1.Final\quarkus-vertx-http-deployment-2.8.1.Final.jar;C:\Users\mavo1018\.m2\repository\io\quarkus\quarkus-vertx-deployment\2.8.1.Final\quarkus-vertx-deployment-2.8.1.Final.jar;C:\Users\mavo1018\.m2\repository\io\quarkus\quarkus-netty-deployment\2.8.1.Final\quarkus-netty-deployment-2.8.1.Final.jar;C:\Users\mavo1018\.m2\repository\io\quarkus\quarkus-vertx-http-deployment-spi\2.8.1.Final\quarkus-vertx-http-deployment-spi-2.8.1.Final.jar;C:\Users\mavo1018\.m2\repository\io\quarkus\quarkus-mutiny-deployment\2.8.1.Final\quarkus-mutiny-deployment-2.8.1.Final.jar;C:\Users\mavo1018\.m2\repository\io\quarkus\quarkus-smallrye-context-propagation-deployment\2.8.1.Final\quarkus-smallrye-context-propagation-deployment-2.8.1.Final.jar;C:\Users\mavo1018\.m2\repository\io\quarkus\qute\qute-core\2.8.1.Final\qute-core-2.8.1.Final.jar;C:\Users\mavo1018\.m2\repository\org\yaml\snakeyaml\1.30\snakeyaml-1.30.jar;C:\Users\mavo1018\.m2\repository\com\fasterxml\jackson\core\jackson-databind\2.13.2.2\jackson-databind-2.13.2.2.jar;C:\Users\mavo1018\.m2\repository\com\fasterxml\jackson\core\jackson-annotations\2.13.2\jackson-annotations-2.13.2.jar;C:\Users\mavo1018\.m2\repository\com\fasterxml\jackson\core\jackson-core\2.13.2\jackson-core-2.13.2.jar;C:\Users\mavo1018\.m2\repository\io\quarkus\quarkus-kubernetes-spi\2.8.1.Final\quarkus-kubernetes-spi-2.8.1.Final.jar;C:\Users\mavo1018\.m2\repository\org\jboss\metadata\jboss-metadata-web\14.0.0.Final\jboss-metadata-web-14.0.0.Final.jar;C:\Users\mavo1018\.m2\repository\org\jboss\metadata\jboss-metadata-common\14.0.0.Final\jboss-metadata-common-14.0.0.Final.jar;C:\Users\mavo1018\.m2\repository\io\quarkus\quarkus-junit5\2.8.1.Final\quarkus-junit5-2.8.1.Final.jar;C:\Users\mavo1018\.m2\repository\io\quarkus\quarkus-bootstrap-core\2.8.1.Final\quarkus-bootstrap-core-2.8.1.Final.jar;C:\Users\mavo1018\.m2\repository\io\quarkus\quarkus-bootstrap-app-model\2.8.1.Final\quarkus-bootstrap-app-model-2.8.1.Final.jar;C:\Users\mavo1018\.m2\repository\io\quarkus\quarkus-bootstrap-maven-resolver\2.8.1.Final\quarkus-bootstrap-maven-resolver-2.8.1.Final.jar;C:\Users\mavo1018\.m2\repository\org\apache\maven\maven-embedder\3.8.4\maven-embedder-3.8.4.jar;C:\Users\mavo1018\.m2\repository\org\apache\maven\maven-settings\3.8.4\maven-settings-3.8.4.jar;C:\Users\mavo1018\.m2\repository\org\apache\maven\maven-core\3.8.4\maven-core-3.8.4.jar;C:\Users\mavo1018\.m2\repository\org\apache\maven\maven-artifact\3.8.4\maven-artifact-3.8.4.jar;C:\Users\mavo1018\.m2\repository\org\codehaus\plexus\plexus-component-annotations\2.1.0\plexus-component-annotations-2.1.0.jar;C:\Users\mavo1018\.m2\repository\org\apache\maven\maven-plugin-api\3.8.4\maven-plugin-api-3.8.4.jar;C:\Users\mavo1018\.m2\repository\org\apache\maven\maven-model\3.8.4\maven-model-3.8.4.jar;C:\Users\mavo1018\.m2\repository\org\apache\maven\maven-model-builder\3.8.4\maven-model-builder-3.8.4.jar;C:\Users\mavo1018\.m2\repository\org\apache\maven\maven-builder-support\3.8.4\maven-builder-support-3.8.4.jar;C:\Users\mavo1018\.m2\repository\org\apache\maven\resolver\maven-resolver-api\1.6.3\maven-resolver-api-1.6.3.jar;C:\Users\mavo1018\.m2\repository\org\apache\maven\resolver\maven-resolver-util\1.6.3\maven-resolver-util-1.6.3.jar;C:\Users\mavo1018\.m2\repository\org\apache\maven\shared\maven-shared-utils\3.3.4\maven-shared-utils-3.3.4.jar;C:\Users\mavo1018\.m2\repository\commons-io\commons-io\2.11.0\commons-io-2.11.0.jar;C:\Users\mavo1018\.m2\repository\com\google\inject\guice\4.2.2\guice-4.2.2-no_aop.jar;C:\Users\mavo1018\.m2\repository\com\google\guava\guava\31.1-jre\guava-31.1-jre.jar;C:\Users\mavo1018\.m2\repository\com\google\guava\failureaccess\1.0.1\failureaccess-1.0.1.jar;C:\Users\mavo1018\.m2\repository\org\codehaus\plexus\plexus-classworlds\2.6.0\plexus-classworlds-2.6.0.jar;C:\Users\mavo1018\.m2\repository\org\codehaus\plexus\plexus-sec-dispatcher\2.0\plexus-sec-dispatcher-2.0.jar;C:\Users\mavo1018\.m2\repository\org\codehaus\plexus\plexus-cipher\2.0\plexus-cipher-2.0.jar;C:\Users\mavo1018\.m2\repository\commons-cli\commons-cli\1.4\commons-cli-1.4.jar;C:\Users\mavo1018\.m2\repository\org\eclipse\sisu\org.eclipse.sisu.plexus\0.3.5\org.eclipse.sisu.plexus-0.3.5.jar;C:\Users\mavo1018\.m2\repository\org\apache\maven\maven-settings-builder\3.8.4\maven-settings-builder-3.8.4.jar;C:\Users\mavo1018\.m2\repository\org\codehaus\plexus\plexus-interpolation\1.26\plexus-interpolation-1.26.jar;C:\Users\mavo1018\.m2\repository\org\apache\maven\maven-resolver-provider\3.8.4\maven-resolver-provider-3.8.4.jar;C:\Users\mavo1018\.m2\repository\org\apache\maven\maven-repository-metadata\3.8.4\maven-repository-metadata-3.8.4.jar;C:\Users\mavo1018\.m2\repository\org\apache\maven\resolver\maven-resolver-spi\1.6.3\maven-resolver-spi-1.6.3.jar;C:\Users\mavo1018\.m2\repository\org\apache\maven\resolver\maven-resolver-impl\1.6.3\maven-resolver-impl-1.6.3.jar;C:\Users\mavo1018\.m2\repository\org\codehaus\plexus\plexus-utils\3.3.0\plexus-utils-3.3.0.jar;C:\Users\mavo1018\.m2\repository\org\apache\maven\resolver\maven-resolver-connector-basic\1.6.3\maven-resolver-connector-basic-1.6.3.jar;C:\Users\mavo1018\.m2\repository\org\apache\maven\resolver\maven-resolver-transport-wagon\1.6.3\maven-resolver-transport-wagon-1.6.3.jar;C:\Users\mavo1018\.m2\repository\org\apache\maven\wagon\wagon-http\3.4.3\wagon-http-3.4.3.jar;C:\Users\mavo1018\.m2\repository\org\apache\maven\wagon\wagon-http-shared\3.4.3\wagon-http-shared-3.4.3.jar;C:\Users\mavo1018\.m2\repository\org\jsoup\jsoup\1.14.2\jsoup-1.14.2.jar;C:\Users\mavo1018\.m2\repository\org\apache\maven\wagon\wagon-provider-api\3.4.3\wagon-provider-api-3.4.3.jar;C:\Users\mavo1018\.m2\repository\org\apache\maven\wagon\wagon-file\3.4.3\wagon-file-3.4.3.jar;C:\Users\mavo1018\.m2\repository\io\quarkus\quarkus-bootstrap-gradle-resolver\2.8.1.Final\quarkus-bootstrap-gradle-resolver-2.8.1.Final.jar;C:\Users\mavo1018\.m2\repository\io\smallrye\common\smallrye-common-io\1.10.0\smallrye-common-io-1.10.0.jar;C:\Users\mavo1018\.m2\repository\org\eclipse\sisu\org.eclipse.sisu.inject\0.3.5\org.eclipse.sisu.inject-0.3.5.jar;C:\Users\mavo1018\.m2\repository\io\quarkus\quarkus-junit5-properties\2.8.1.Final\quarkus-junit5-properties-2.8.1.Final.jar;C:\Users\mavo1018\.m2\repository\org\junit\jupiter\junit-jupiter\5.8.2\junit-jupiter-5.8.2.jar;C:\Users\mavo1018\.m2\repository\com\thoughtworks\xstream\xstream\1.4.19\xstream-1.4.19.jar;C:\Users\mavo1018\.m2\repository\io\github\x-stream\mxparser\1.2.2\mxparser-1.2.2.jar;C:\Users\mavo1018\.m2\repository\xmlpull\xmlpull\1.1.3.1\xmlpull-1.1.3.1.jar;C:\Users\mavo1018\.m2\repository\io\rest-assured\rest-assured\4.5.1\rest-assured-4.5.1.jar;C:\Users\mavo1018\.m2\repository\org\codehaus\groovy\groovy\3.0.9\groovy-3.0.9.jar;C:\Users\mavo1018\.m2\repository\org\codehaus\groovy\groovy-xml\3.0.9\groovy-xml-3.0.9.jar;C:\Users\mavo1018\.m2\repository\org\apache\httpcomponents\httpclient\4.5.13\httpclient-4.5.13.jar;C:\Users\mavo1018\.m2\repository\org\apache\httpcomponents\httpcore\4.4.15\httpcore-4.4.15.jar;C:\Users\mavo1018\.m2\repository\commons-codec\commons-codec\1.15\commons-codec-1.15.jar;C:\Users\mavo1018\.m2\repository\org\apache\httpcomponents\httpmime\4.5.13\httpmime-4.5.13.jar;C:\Users\mavo1018\.m2\repository\org\hamcrest\hamcrest\2.1\hamcrest-2.1.jar;C:\Users\mavo1018\.m2\repository\org\ccil\cowan\tagsoup\tagsoup\1.2.1\tagsoup-1.2.1.jar;C:\Users\mavo1018\.m2\repository\io\rest-assured\json-path\4.5.1\json-path-4.5.1.jar;C:\Users\mavo1018\.m2\repository\org\codehaus\groovy\groovy-json\3.0.9\groovy-json-3.0.9.jar;C:\Users\mavo1018\.m2\repository\io\rest-assured\rest-assured-common\4.5.1\rest-assured-common-4.5.1.jar;C:\Users\mavo1018\.m2\repository\io\rest-assured\xml-path\4.5.1\xml-path-4.5.1.jar;"/>
    <property name="java.vm.vendor" value="Oracle Corporation"/>
    <property name="sun.arch.data.model" value="64"/>
    <property name="user.variant" value=""/>
    <property name="java.vendor.url" value="http://java.oracle.com/"/>
    <property name="user.timezone" value="Europe/Moscow"/>
    <property name="java.vm.specification.version" value="11"/>
    <property name="os.name" value="Windows 10"/>
    <property name="sun.java.launcher" value="SUN_STANDARD"/>
    <property name="user.country" value="US"/>
    <property name="sun.boot.library.path" value="E:\Tools\java\jdk-11\bin"/>
    <property name="sun.java.command" value="C:\Users\mavo1018\AppData\Local\Temp\1\surefire7211617578062839772\surefirebooter490425533120451102.jar C:\Users\mavo1018\AppData\Local\Temp\1\surefire7211617578062839772 2022-04-25T16-26-13_741-jvmRun1 surefire7509270719977044218tmp surefire_115479526287731843036tmp"/>
    <property name="jdk.debug" value="release"/>
    <property name="maven.home" value="E:\Tools\maven\apache-maven-3.8.5"/>
    <property name="surefire.test.class.path" value="E:\Devs\my_project\quarkus\greeting-extension\deployment\target\test-classes;E:\Devs\my_project\quarkus\greeting-extension\deployment\target\classes;E:\Devs\my_project\quarkus\greeting-extension\runtime\target\greeting-extension-1.0.0-SNAPSHOT.jar;C:\Users\mavo1018\.m2\repository\io\quarkus\quarkus-arc\2.8.1.Final\quarkus-arc-2.8.1.Final.jar;C:\Users\mavo1018\.m2\repository\io\quarkus\arc\arc\2.8.1.Final\arc-2.8.1.Final.jar;C:\Users\mavo1018\.m2\repository\jakarta\transaction\jakarta.transaction-api\1.3.3\jakarta.transaction-api-1.3.3.jar;C:\Users\mavo1018\.m2\repository\org\eclipse\microprofile\context-propagation\microprofile-context-propagation-api\1.2\microprofile-context-propagation-api-1.2.jar;C:\Users\mavo1018\.m2\repository\io\quarkus\quarkus-undertow\2.8.1.Final\quarkus-undertow-2.8.1.Final.jar;C:\Users\mavo1018\.m2\repository\io\quarkus\quarkus-vertx-http\2.8.1.Final\quarkus-vertx-http-2.8.1.Final.jar;C:\Users\mavo1018\.m2\repository\io\quarkus\quarkus-security-runtime-spi\2.8.1.Final\quarkus-security-runtime-spi-2.8.1.Final.jar;C:\Users\mavo1018\.m2\repository\io\quarkus\quarkus-mutiny\2.8.1.Final\quarkus-mutiny-2.8.1.Final.jar;C:\Users\mavo1018\.m2\repository\io\quarkus\quarkus-smallrye-context-propagation\2.8.1.Final\quarkus-smallrye-context-propagation-2.8.1.Final.jar;C:\Users\mavo1018\.m2\repository\io\smallrye\smallrye-context-propagation\1.2.2\smallrye-context-propagation-1.2.2.jar;C:\Users\mavo1018\.m2\repository\io\smallrye\smallrye-context-propagation-api\1.2.2\smallrye-context-propagation-api-1.2.2.jar;C:\Users\mavo1018\.m2\repository\io\smallrye\smallrye-context-propagation-storage\1.2.2\smallrye-context-propagation-storage-1.2.2.jar;C:\Users\mavo1018\.m2\repository\io\smallrye\reactive\mutiny-smallrye-context-propagation\1.4.0\mutiny-smallrye-context-propagation-1.4.0.jar;C:\Users\mavo1018\.m2\repository\io\smallrye\common\smallrye-common-vertx-context\1.10.0\smallrye-common-vertx-context-1.10.0.jar;C:\Users\mavo1018\.m2\repository\io\smallrye\common\smallrye-common-constraint\1.10.0\smallrye-common-constraint-1.10.0.jar;C:\Users\mavo1018\.m2\repository\io\quarkus\quarkus-vertx-http-dev-console-runtime-spi\2.8.1.Final\quarkus-vertx-http-dev-console-runtime-spi-2.8.1.Final.jar;C:\Users\mavo1018\.m2\repository\io\quarkus\quarkus-vertx\2.8.1.Final\quarkus-vertx-2.8.1.Final.jar;C:\Users\mavo1018\.m2\repository\io\quarkus\quarkus-netty\2.8.1.Final\quarkus-netty-2.8.1.Final.jar;C:\Users\mavo1018\.m2\repository\io\netty\netty-codec-haproxy\4.1.74.Final\netty-codec-haproxy-4.1.74.Final.jar;C:\Users\mavo1018\.m2\repository\io\smallrye\common\smallrye-common-annotation\1.10.0\smallrye-common-annotation-1.10.0.jar;C:\Users\mavo1018\.m2\repository\io\smallrye\reactive\smallrye-mutiny-vertx-core\2.21.0\smallrye-mutiny-vertx-core-2.21.0.jar;C:\Users\mavo1018\.m2\repository\io\smallrye\reactive\smallrye-mutiny-vertx-runtime\2.21.0\smallrye-mutiny-vertx-runtime-2.21.0.jar;C:\Users\mavo1018\.m2\repository\io\smallrye\reactive\vertx-mutiny-generator\2.21.0\vertx-mutiny-generator-2.21.0.jar;C:\Users\mavo1018\.m2\repository\io\vertx\vertx-codegen\4.2.7\vertx-codegen-4.2.7.jar;C:\Users\mavo1018\.m2\repository\io\smallrye\smallrye-fault-tolerance-vertx\5.3.1\smallrye-fault-tolerance-vertx-5.3.1.jar;C:\Users\mavo1018\.m2\repository\io\smallrye\reactive\smallrye-mutiny-vertx-web\2.21.0\smallrye-mutiny-vertx-web-2.21.0.jar;C:\Users\mavo1018\.m2\repository\io\smallrye\reactive\smallrye-mutiny-vertx-web-common\2.21.0\smallrye-mutiny-vertx-web-common-2.21.0.jar;C:\Users\mavo1018\.m2\repository\io\smallrye\reactive\smallrye-mutiny-vertx-auth-common\2.21.0\smallrye-mutiny-vertx-auth-common-2.21.0.jar;C:\Users\mavo1018\.m2\repository\io\smallrye\reactive\smallrye-mutiny-vertx-bridge-common\2.21.0\smallrye-mutiny-vertx-bridge-common-2.21.0.jar;C:\Users\mavo1018\.m2\repository\io\vertx\vertx-web\4.2.7\vertx-web-4.2.7.jar;C:\Users\mavo1018\.m2\repository\io\vertx\vertx-web-common\4.2.7\vertx-web-common-4.2.7.jar;C:\Users\mavo1018\.m2\repository\io\vertx\vertx-auth-common\4.2.7\vertx-auth-common-4.2.7.jar;C:\Users\mavo1018\.m2\repository\io\vertx\vertx-bridge-common\4.2.7\vertx-bridge-common-4.2.7.jar;C:\Users\mavo1018\.m2\repository\io\quarkus\security\quarkus-security\1.1.4.Final\quarkus-security-1.1.4.Final.jar;C:\Users\mavo1018\.m2\repository\io\smallrye\reactive\mutiny\1.4.0\mutiny-1.4.0.jar;C:\Users\mavo1018\.m2\repository\org\reactivestreams\reactive-streams\1.0.3\reactive-streams-1.0.3.jar;C:\Users\mavo1018\.m2\repository\jakarta\annotation\jakarta.annotation-api\1.3.5\jakarta.annotation-api-1.3.5.jar;C:\Users\mavo1018\.m2\repository\io\quarkus\http\quarkus-http-vertx-backend\4.1.8\quarkus-http-vertx-backend-4.1.8.jar;C:\Users\mavo1018\.m2\repository\io\vertx\vertx-core\4.2.7\vertx-core-4.2.7.jar;C:\Users\mavo1018\.m2\repository\io\netty\netty-common\4.1.74.Final\netty-common-4.1.74.Final.jar;C:\Users\mavo1018\.m2\repository\io\netty\netty-buffer\4.1.74.Final\netty-buffer-4.1.74.Final.jar;C:\Users\mavo1018\.m2\repository\io\netty\netty-transport\4.1.74.Final\netty-transport-4.1.74.Final.jar;C:\Users\mavo1018\.m2\repository\io\netty\netty-handler\4.1.74.Final\netty-handler-4.1.74.Final.jar;C:\Users\mavo1018\.m2\repository\io\netty\netty-tcnative-classes\2.0.48.Final\netty-tcnative-classes-2.0.48.Final.jar;C:\Users\mavo1018\.m2\repository\io\netty\netty-handler-proxy\4.1.74.Final\netty-handler-proxy-4.1.74.Final.jar;C:\Users\mavo1018\.m2\repository\io\netty\netty-codec-socks\4.1.74.Final\netty-codec-socks-4.1.74.Final.jar;C:\Users\mavo1018\.m2\repository\io\netty\netty-codec-http2\4.1.74.Final\netty-codec-http2-4.1.74.Final.jar;C:\Users\mavo1018\.m2\repository\io\netty\netty-resolver\4.1.74.Final\netty-resolver-4.1.74.Final.jar;C:\Users\mavo1018\.m2\repository\io\netty\netty-resolver-dns\4.1.74.Final\netty-resolver-dns-4.1.74.Final.jar;C:\Users\mavo1018\.m2\repository\io\netty\netty-codec-dns\4.1.74.Final\netty-codec-dns-4.1.74.Final.jar;C:\Users\mavo1018\.m2\repository\io\quarkus\http\quarkus-http-http-core\4.1.8\quarkus-http-http-core-4.1.8.jar;C:\Users\mavo1018\.m2\repository\io\quarkus\http\quarkus-http-core\4.1.8\quarkus-http-core-4.1.8.jar;C:\Users\mavo1018\.m2\repository\io\netty\netty-codec-http\4.1.74.Final\netty-codec-http-4.1.74.Final.jar;C:\Users\mavo1018\.m2\repository\io\netty\netty-codec\4.1.74.Final\netty-codec-4.1.74.Final.jar;C:\Users\mavo1018\.m2\repository\io\quarkus\quarkus-junit5-internal\2.8.1.Final\quarkus-junit5-internal-2.8.1.Final.jar;C:\Users\mavo1018\.m2\repository\org\jboss\shrinkwrap\shrinkwrap-api\1.2.6\shrinkwrap-api-1.2.6.jar;C:\Users\mavo1018\.m2\repository\org\jboss\shrinkwrap\shrinkwrap-spi\1.2.6\shrinkwrap-spi-1.2.6.jar;C:\Users\mavo1018\.m2\repository\org\jboss\shrinkwrap\shrinkwrap-impl-base\1.2.6\shrinkwrap-impl-base-1.2.6.jar;C:\Users\mavo1018\.m2\repository\org\junit\jupiter\junit-jupiter-api\5.8.2\junit-jupiter-api-5.8.2.jar;C:\Users\mavo1018\.m2\repository\org\opentest4j\opentest4j\1.2.0\opentest4j-1.2.0.jar;C:\Users\mavo1018\.m2\repository\org\junit\platform\junit-platform-commons\1.8.2\junit-platform-commons-1.8.2.jar;C:\Users\mavo1018\.m2\repository\org\apiguardian\apiguardian-api\1.1.2\apiguardian-api-1.1.2.jar;C:\Users\mavo1018\.m2\repository\org\junit\jupiter\junit-jupiter-params\5.8.2\junit-jupiter-params-5.8.2.jar;C:\Users\mavo1018\.m2\repository\org\junit\jupiter\junit-jupiter-engine\5.8.2\junit-jupiter-engine-5.8.2.jar;C:\Users\mavo1018\.m2\repository\org\junit\platform\junit-platform-engine\1.8.2\junit-platform-engine-1.8.2.jar;C:\Users\mavo1018\.m2\repository\io\quarkus\quarkus-core\2.8.1.Final\quarkus-core-2.8.1.Final.jar;C:\Users\mavo1018\.m2\repository\jakarta\inject\jakarta.inject-api\1.0\jakarta.inject-api-1.0.jar;C:\Users\mavo1018\.m2\repository\io\quarkus\quarkus-ide-launcher\2.8.1.Final\quarkus-ide-launcher-2.8.1.Final.jar;C:\Users\mavo1018\.m2\repository\io\quarkus\quarkus-development-mode-spi\2.8.1.Final\quarkus-development-mode-spi-2.8.1.Final.jar;C:\Users\mavo1018\.m2\repository\io\smallrye\config\smallrye-config\2.9.2\smallrye-config-2.9.2.jar;C:\Users\mavo1018\.m2\repository\io\smallrye\config\smallrye-config-core\2.9.2\smallrye-config-core-2.9.2.jar;C:\Users\mavo1018\.m2\repository\org\eclipse\microprofile\config\microprofile-config-api\2.0.1\microprofile-config-api-2.0.1.jar;C:\Users\mavo1018\.m2\repository\io\smallrye\common\smallrye-common-expression\1.10.0\smallrye-common-expression-1.10.0.jar;C:\Users\mavo1018\.m2\repository\io\smallrye\common\smallrye-common-function\1.10.0\smallrye-common-function-1.10.0.jar;C:\Users\mavo1018\.m2\repository\io\smallrye\common\smallrye-common-classloader\1.10.0\smallrye-common-classloader-1.10.0.jar;C:\Users\mavo1018\.m2\repository\io\smallrye\config\smallrye-config-common\2.9.2\smallrye-config-common-2.9.2.jar;C:\Users\mavo1018\.m2\repository\org\jboss\logging\jboss-logging\3.4.3.Final\jboss-logging-3.4.3.Final.jar;C:\Users\mavo1018\.m2\repository\org\jboss\logmanager\jboss-logmanager-embedded\1.0.9\jboss-logmanager-embedded-1.0.9.jar;C:\Users\mavo1018\.m2\repository\org\jboss\logging\jboss-logging-annotations\2.2.1.Final\jboss-logging-annotations-2.2.1.Final.jar;C:\Users\mavo1018\.m2\repository\org\jboss\threads\jboss-threads\3.4.2.Final\jboss-threads-3.4.2.Final.jar;C:\Users\mavo1018\.m2\repository\org\slf4j\slf4j-api\1.7.36\slf4j-api-1.7.36.jar;C:\Users\mavo1018\.m2\repository\org\jboss\slf4j\slf4j-jboss-logmanager\1.1.0.Final\slf4j-jboss-logmanager-1.1.0.Final.jar;C:\Users\mavo1018\.m2\repository\org\graalvm\sdk\graal-sdk\22.0.0.2\graal-sdk-22.0.0.2.jar;C:\Users\mavo1018\.m2\repository\org\wildfly\common\wildfly-common\1.5.4.Final-format-001\wildfly-common-1.5.4.Final-format-001.jar;C:\Users\mavo1018\.m2\repository\io\quarkus\quarkus-bootstrap-runner\2.8.1.Final\quarkus-bootstrap-runner-2.8.1.Final.jar;C:\Users\mavo1018\.m2\repository\io\quarkus\quarkus-fs-util\0.0.9\quarkus-fs-util-0.0.9.jar;C:\Users\mavo1018\.m2\repository\io\quarkus\quarkus-test-common\2.8.1.Final\quarkus-test-common-2.8.1.Final.jar;C:\Users\mavo1018\.m2\repository\io\quarkus\quarkus-jsonp-deployment\2.8.1.Final\quarkus-jsonp-deployment-2.8.1.Final.jar;C:\Users\mavo1018\.m2\repository\io\quarkus\quarkus-jsonp\2.8.1.Final\quarkus-jsonp-2.8.1.Final.jar;C:\Users\mavo1018\.m2\repository\org\glassfish\jakarta.json\1.1.6\jakarta.json-1.1.6.jar;C:\Users\mavo1018\.m2\repository\org\jboss\jandex\2.4.2.Final\jandex-2.4.2.Final.jar;C:\Users\mavo1018\.m2\repository\org\jboss\logging\commons-logging-jboss-logging\1.0.0.Final\commons-logging-jboss-logging-1.0.0.Final.jar;C:\Users\mavo1018\.m2\repository\jakarta\enterprise\jakarta.enterprise.cdi-api\2.0.2\jakarta.enterprise.cdi-api-2.0.2.jar;C:\Users\mavo1018\.m2\repository\jakarta\el\jakarta.el-api\3.0.3\jakarta.el-api-3.0.3.jar;C:\Users\mavo1018\.m2\repository\jakarta\interceptor\jakarta.interceptor-api\1.2.5\jakarta.interceptor-api-1.2.5.jar;C:\Users\mavo1018\.m2\repository\io\quarkus\quarkus-devtools-utilities\2.8.1.Final\quarkus-devtools-utilities-2.8.1.Final.jar;C:\Users\mavo1018\.m2\repository\org\awaitility\awaitility\4.2.0\awaitility-4.2.0.jar;C:\Users\mavo1018\.m2\repository\io\quarkus\quarkus-undertow-deployment\2.8.1.Final\quarkus-undertow-deployment-2.8.1.Final.jar;C:\Users\mavo1018\.m2\repository\io\quarkus\http\quarkus-http-servlet\4.1.8\quarkus-http-servlet-4.1.8.jar;C:\Users\mavo1018\.m2\repository\jakarta\servlet\jakarta.servlet-api\4.0.3\jakarta.servlet-api-4.0.3.jar;C:\Users\mavo1018\.m2\repository\io\quarkus\quarkus-core-deployment\2.8.1.Final\quarkus-core-deployment-2.8.1.Final.jar;C:\Users\mavo1018\.m2\repository\org\aesh\readline\2.2\readline-2.2.jar;C:\Users\mavo1018\.m2\repository\org\fusesource\jansi\jansi\1.18\jansi-1.18.jar;C:\Users\mavo1018\.m2\repository\org\aesh\aesh\2.6\aesh-2.6.jar;C:\Users\mavo1018\.m2\repository\org\apache\commons\commons-lang3\3.12.0\commons-lang3-3.12.0.jar;C:\Users\mavo1018\.m2\repository\io\quarkus\gizmo\gizmo\1.0.10.Final\gizmo-1.0.10.Final.jar;C:\Users\mavo1018\.m2\repository\org\ow2\asm\asm-util\9.2\asm-util-9.2.jar;C:\Users\mavo1018\.m2\repository\org\ow2\asm\asm\9.2\asm-9.2.jar;C:\Users\mavo1018\.m2\repository\org\ow2\asm\asm-commons\9.2\asm-commons-9.2.jar;C:\Users\mavo1018\.m2\repository\org\ow2\asm\asm-tree\9.2\asm-tree-9.2.jar;C:\Users\mavo1018\.m2\repository\org\ow2\asm\asm-analysis\9.2\asm-analysis-9.2.jar;C:\Users\mavo1018\.m2\repository\io\quarkus\quarkus-class-change-agent\2.8.1.Final\quarkus-class-change-agent-2.8.1.Final.jar;C:\Users\mavo1018\.m2\repository\io\quarkus\quarkus-builder\2.8.1.Final\quarkus-builder-2.8.1.Final.jar;C:\Users\mavo1018\.m2\repository\org\junit\platform\junit-platform-launcher\1.8.2\junit-platform-launcher-1.8.2.jar;C:\Users\mavo1018\.m2\repository\io\quarkus\quarkus-arc-deployment\2.8.1.Final\quarkus-arc-deployment-2.8.1.Final.jar;C:\Users\mavo1018\.m2\repository\io\quarkus\quarkus-vertx-http-dev-console-spi\2.8.1.Final\quarkus-vertx-http-dev-console-spi-2.8.1.Final.jar;C:\Users\mavo1018\.m2\repository\io\quarkus\arc\arc-processor\2.8.1.Final\arc-processor-2.8.1.Final.jar;C:\Users\mavo1018\.m2\repository\io\quarkus\quarkus-undertow-spi\2.8.1.Final\quarkus-undertow-spi-2.8.1.Final.jar;C:\Users\mavo1018\.m2\repository\io\quarkus\quarkus-vertx-http-deployment\2.8.1.Final\quarkus-vertx-http-deployment-2.8.1.Final.jar;C:\Users\mavo1018\.m2\repository\io\quarkus\quarkus-vertx-deployment\2.8.1.Final\quarkus-vertx-deployment-2.8.1.Final.jar;C:\Users\mavo1018\.m2\repository\io\quarkus\quarkus-netty-deployment\2.8.1.Final\quarkus-netty-deployment-2.8.1.Final.jar;C:\Users\mavo1018\.m2\repository\io\quarkus\quarkus-vertx-http-deployment-spi\2.8.1.Final\quarkus-vertx-http-deployment-spi-2.8.1.Final.jar;C:\Users\mavo1018\.m2\repository\io\quarkus\quarkus-mutiny-deployment\2.8.1.Final\quarkus-mutiny-deployment-2.8.1.Final.jar;C:\Users\mavo1018\.m2\repository\io\quarkus\quarkus-smallrye-context-propagation-deployment\2.8.1.Final\quarkus-smallrye-context-propagation-deployment-2.8.1.Final.jar;C:\Users\mavo1018\.m2\repository\io\quarkus\qute\qute-core\2.8.1.Final\qute-core-2.8.1.Final.jar;C:\Users\mavo1018\.m2\repository\org\yaml\snakeyaml\1.30\snakeyaml-1.30.jar;C:\Users\mavo1018\.m2\repository\com\fasterxml\jackson\core\jackson-databind\2.13.2.2\jackson-databind-2.13.2.2.jar;C:\Users\mavo1018\.m2\repository\com\fasterxml\jackson\core\jackson-annotations\2.13.2\jackson-annotations-2.13.2.jar;C:\Users\mavo1018\.m2\repository\com\fasterxml\jackson\core\jackson-core\2.13.2\jackson-core-2.13.2.jar;C:\Users\mavo1018\.m2\repository\io\quarkus\quarkus-kubernetes-spi\2.8.1.Final\quarkus-kubernetes-spi-2.8.1.Final.jar;C:\Users\mavo1018\.m2\repository\org\jboss\metadata\jboss-metadata-web\14.0.0.Final\jboss-metadata-web-14.0.0.Final.jar;C:\Users\mavo1018\.m2\repository\org\jboss\metadata\jboss-metadata-common\14.0.0.Final\jboss-metadata-common-14.0.0.Final.jar;C:\Users\mavo1018\.m2\repository\io\quarkus\quarkus-junit5\2.8.1.Final\quarkus-junit5-2.8.1.Final.jar;C:\Users\mavo1018\.m2\repository\io\quarkus\quarkus-bootstrap-core\2.8.1.Final\quarkus-bootstrap-core-2.8.1.Final.jar;C:\Users\mavo1018\.m2\repository\io\quarkus\quarkus-bootstrap-app-model\2.8.1.Final\quarkus-bootstrap-app-model-2.8.1.Final.jar;C:\Users\mavo1018\.m2\repository\io\quarkus\quarkus-bootstrap-maven-resolver\2.8.1.Final\quarkus-bootstrap-maven-resolver-2.8.1.Final.jar;C:\Users\mavo1018\.m2\repository\org\apache\maven\maven-embedder\3.8.4\maven-embedder-3.8.4.jar;C:\Users\mavo1018\.m2\repository\org\apache\maven\maven-settings\3.8.4\maven-settings-3.8.4.jar;C:\Users\mavo1018\.m2\repository\org\apache\maven\maven-core\3.8.4\maven-core-3.8.4.jar;C:\Users\mavo1018\.m2\repository\org\apache\maven\maven-artifact\3.8.4\maven-artifact-3.8.4.jar;C:\Users\mavo1018\.m2\repository\org\codehaus\plexus\plexus-component-annotations\2.1.0\plexus-component-annotations-2.1.0.jar;C:\Users\mavo1018\.m2\repository\org\apache\maven\maven-plugin-api\3.8.4\maven-plugin-api-3.8.4.jar;C:\Users\mavo1018\.m2\repository\org\apache\maven\maven-model\3.8.4\maven-model-3.8.4.jar;C:\Users\mavo1018\.m2\repository\org\apache\maven\maven-model-builder\3.8.4\maven-model-builder-3.8.4.jar;C:\Users\mavo1018\.m2\repository\org\apache\maven\maven-builder-support\3.8.4\maven-builder-support-3.8.4.jar;C:\Users\mavo1018\.m2\repository\org\apache\maven\resolver\maven-resolver-api\1.6.3\maven-resolver-api-1.6.3.jar;C:\Users\mavo1018\.m2\repository\org\apache\maven\resolver\maven-resolver-util\1.6.3\maven-resolver-util-1.6.3.jar;C:\Users\mavo1018\.m2\repository\org\apache\maven\shared\maven-shared-utils\3.3.4\maven-shared-utils-3.3.4.jar;C:\Users\mavo1018\.m2\repository\commons-io\commons-io\2.11.0\commons-io-2.11.0.jar;C:\Users\mavo1018\.m2\repository\com\google\inject\guice\4.2.2\guice-4.2.2-no_aop.jar;C:\Users\mavo1018\.m2\repository\com\google\guava\guava\31.1-jre\guava-31.1-jre.jar;C:\Users\mavo1018\.m2\repository\com\google\guava\failureaccess\1.0.1\failureaccess-1.0.1.jar;C:\Users\mavo1018\.m2\repository\org\codehaus\plexus\plexus-classworlds\2.6.0\plexus-classworlds-2.6.0.jar;C:\Users\mavo1018\.m2\repository\org\codehaus\plexus\plexus-sec-dispatcher\2.0\plexus-sec-dispatcher-2.0.jar;C:\Users\mavo1018\.m2\repository\org\codehaus\plexus\plexus-cipher\2.0\plexus-cipher-2.0.jar;C:\Users\mavo1018\.m2\repository\commons-cli\commons-cli\1.4\commons-cli-1.4.jar;C:\Users\mavo1018\.m2\repository\org\eclipse\sisu\org.eclipse.sisu.plexus\0.3.5\org.eclipse.sisu.plexus-0.3.5.jar;C:\Users\mavo1018\.m2\repository\org\apache\maven\maven-settings-builder\3.8.4\maven-settings-builder-3.8.4.jar;C:\Users\mavo1018\.m2\repository\org\codehaus\plexus\plexus-interpolation\1.26\plexus-interpolation-1.26.jar;C:\Users\mavo1018\.m2\repository\org\apache\maven\maven-resolver-provider\3.8.4\maven-resolver-provider-3.8.4.jar;C:\Users\mavo1018\.m2\repository\org\apache\maven\maven-repository-metadata\3.8.4\maven-repository-metadata-3.8.4.jar;C:\Users\mavo1018\.m2\repository\org\apache\maven\resolver\maven-resolver-spi\1.6.3\maven-resolver-spi-1.6.3.jar;C:\Users\mavo1018\.m2\repository\org\apache\maven\resolver\maven-resolver-impl\1.6.3\maven-resolver-impl-1.6.3.jar;C:\Users\mavo1018\.m2\repository\org\codehaus\plexus\plexus-utils\3.3.0\plexus-utils-3.3.0.jar;C:\Users\mavo1018\.m2\repository\org\apache\maven\resolver\maven-resolver-connector-basic\1.6.3\maven-resolver-connector-basic-1.6.3.jar;C:\Users\mavo1018\.m2\repository\org\apache\maven\resolver\maven-resolver-transport-wagon\1.6.3\maven-resolver-transport-wagon-1.6.3.jar;C:\Users\mavo1018\.m2\repository\org\apache\maven\wagon\wagon-http\3.4.3\wagon-http-3.4.3.jar;C:\Users\mavo1018\.m2\repository\org\apache\maven\wagon\wagon-http-shared\3.4.3\wagon-http-shared-3.4.3.jar;C:\Users\mavo1018\.m2\repository\org\jsoup\jsoup\1.14.2\jsoup-1.14.2.jar;C:\Users\mavo1018\.m2\repository\org\apache\maven\wagon\wagon-provider-api\3.4.3\wagon-provider-api-3.4.3.jar;C:\Users\mavo1018\.m2\repository\org\apache\maven\wagon\wagon-file\3.4.3\wagon-file-3.4.3.jar;C:\Users\mavo1018\.m2\repository\io\quarkus\quarkus-bootstrap-gradle-resolver\2.8.1.Final\quarkus-bootstrap-gradle-resolver-2.8.1.Final.jar;C:\Users\mavo1018\.m2\repository\io\smallrye\common\smallrye-common-io\1.10.0\smallrye-common-io-1.10.0.jar;C:\Users\mavo1018\.m2\repository\org\eclipse\sisu\org.eclipse.sisu.inject\0.3.5\org.eclipse.sisu.inject-0.3.5.jar;C:\Users\mavo1018\.m2\repository\io\quarkus\quarkus-junit5-properties\2.8.1.Final\quarkus-junit5-properties-2.8.1.Final.jar;C:\Users\mavo1018\.m2\repository\org\junit\jupiter\junit-jupiter\5.8.2\junit-jupiter-5.8.2.jar;C:\Users\mavo1018\.m2\repository\com\thoughtworks\xstream\xstream\1.4.19\xstream-1.4.19.jar;C:\Users\mavo1018\.m2\repository\io\github\x-stream\mxparser\1.2.2\mxparser-1.2.2.jar;C:\Users\mavo1018\.m2\repository\xmlpull\xmlpull\1.1.3.1\xmlpull-1.1.3.1.jar;C:\Users\mavo1018\.m2\repository\io\rest-assured\rest-assured\4.5.1\rest-assured-4.5.1.jar;C:\Users\mavo1018\.m2\repository\org\codehaus\groovy\groovy\3.0.9\groovy-3.0.9.jar;C:\Users\mavo1018\.m2\repository\org\codehaus\groovy\groovy-xml\3.0.9\groovy-xml-3.0.9.jar;C:\Users\mavo1018\.m2\repository\org\apache\httpcomponents\httpclient\4.5.13\httpclient-4.5.13.jar;C:\Users\mavo1018\.m2\repository\org\apache\httpcomponents\httpcore\4.4.15\httpcore-4.4.15.jar;C:\Users\mavo1018\.m2\repository\commons-codec\commons-codec\1.15\commons-codec-1.15.jar;C:\Users\mavo1018\.m2\repository\org\apache\httpcomponents\httpmime\4.5.13\httpmime-4.5.13.jar;C:\Users\mavo1018\.m2\repository\org\hamcrest\hamcrest\2.1\hamcrest-2.1.jar;C:\Users\mavo1018\.m2\repository\org\ccil\cowan\tagsoup\tagsoup\1.2.1\tagsoup-1.2.1.jar;C:\Users\mavo1018\.m2\repository\io\rest-assured\json-path\4.5.1\json-path-4.5.1.jar;C:\Users\mavo1018\.m2\repository\org\codehaus\groovy\groovy-json\3.0.9\groovy-json-3.0.9.jar;C:\Users\mavo1018\.m2\repository\io\rest-assured\rest-assured-common\4.5.1\rest-assured-common-4.5.1.jar;C:\Users\mavo1018\.m2\repository\io\rest-assured\xml-path\4.5.1\xml-path-4.5.1.jar;"/>
    <property name="sun.cpu.endian" value="little"/>
    <property name="user.home" value="C:\Users\mavo1018"/>
    <property name="user.language" value="en"/>
    <property name="java.specification.vendor" value="Oracle Corporation"/>
    <property name="io.netty.allocator.maxOrder" value="3"/>
    <property name="java.version.date" value="2018-09-25"/>
    <property name="java.home" value="E:\Tools\java\jdk-11"/>
    <property name="file.separator" value="\"/>
    <property name="maven.repo" value="C:\Users\mavo1018\.m2\repository"/>
    <property name="basedir" value="E:\Devs\my_project\quarkus\greeting-extension\deployment"/>
    <property name="java.vm.compressedOopsMode" value="Zero based"/>
    <property name="line.separator" value="&#10;"/>
    <property name="java.specification.name" value="Java Platform API Specification"/>
    <property name="java.vm.specification.vendor" value="Oracle Corporation"/>
    <property name="java.awt.graphicsenv" value="sun.awt.Win32GraphicsEnvironment"/>
    <property name="surefire.real.class.path" value="C:\Users\mavo1018\AppData\Local\Temp\1\surefire7211617578062839772\surefirebooter490425533120451102.jar"/>
    <property name="user.script" value=""/>
    <property name="sun.management.compiler" value="HotSpot 64-Bit Tiered Compilers"/>
    <property name="java.runtime.version" value="11+28"/>
    <property name="user.name" value="mavo1018"/>
    <property name="path.separator" value=";"/>
    <property name="os.version" value="10.0"/>
    <property name="java.runtime.name" value="OpenJDK Runtime Environment"/>
    <property name="file.encoding" value="Cp1252"/>
    <property name="java.vm.name" value="OpenJDK 64-Bit Server VM"/>
    <property name="java.vendor.version" value="18.9"/>
    <property name="localRepository" value="C:\Users\mavo1018\.m2\repository"/>
    <property name="java.vendor.url.bug" value="http://bugreport.java.com/bugreport/"/>
    <property name="java.io.tmpdir" value="C:\Users\mavo1018\AppData\Local\Temp\1\"/>
    <property name="quarkus.log.file.path" value="target\quarkus.log"/>
    <property name="idea.version" value="2020.3.2"/>
    <property name="java.version" value="11"/>
    <property name="java.util.concurrent.ForkJoinPool.common.threadFactory" value="io.quarkus.bootstrap.forkjoin.QuarkusForkJoinWorkerThreadFactory"/>
    <property name="user.dir" value="E:\Devs\my_project\quarkus\greeting-extension\deployment"/>
    <property name="os.arch" value="amd64"/>
    <property name="java.vm.specification.name" value="Java Virtual Machine Specification"/>
    <property name="vertx.disableDnsResolver" value="true"/>
    <property name="java.awt.printerjob" value="sun.awt.windows.WPrinterJob"/>
    <property name="sun.os.patch.level" value=""/>
    <property name="java.util.logging.manager" value="org.jboss.logmanager.LogManager"/>
    <property name="java.library.path" value="E:\Tools\java\jdk-11\bin;C:\WINDOWS\Sun\Java\bin;C:\WINDOWS\system32;C:\WINDOWS;C:\WINDOWS\system32;C:\WINDOWS;C:\WINDOWS\System32\Wbem;C:\WINDOWS\System32\WindowsPowerShell\v1.0\;C:\Program Files\PuTTY\;C:\Program Files\dotnet\;C:\WINDOWS\System32\OpenSSH\;E:\Tools\java\jdk-11\bin;E:\Tools\git\PortableGit-2.30.1-64-bit\bin;E:\Tools\grpc_call_v3;E:\Tools\oc;E:\Tools\kuber;E:\Tools\git\PortableGit-2.30.1-64-bit;E:\Tools\golang\go1.17.5\bin;E:\Program Files\Vagrant\bin;E:\Tools\maven\apache-maven-3.8.5\bin;E:\Tools\graalvm-ce-java8-21.1.0\bin;C:\Program Files\Docker\Docker\resources\bin;C:\ProgramData\DockerDesktop\version-bin;E:\Program Files\TDM-GCC-64\bin;E:\Tools\nodejs\;C:\Program Files\WireGuard\;E:\Tools\python\Python36\Scripts\;E:\Tools\python\Python36\;C:\Users\mavo1018\AppData\Local\Microsoft\WindowsApps;C:\Users\mavo1018\AppData\Roaming\npm;."/>
    <property name="java.vendor" value="Oracle Corporation"/>
    <property name="java.vm.info" value="mixed mode"/>
    <property name="vertx.disableTCCL" value="true"/>
    <property name="java.vm.version" value="11+28"/>
    <property name="sun.io.unicode.encoding" value="UnicodeLittle"/>
    <property name="io.netty.machineId" value="46:fd:1a:e7:d6:46:a7:af"/>
    <property name="java.class.version" value="55.0"/>
  </properties>
  <testcase name="testGreeting" classname="org.acme.greeting.extension.deployment.GreetingExtensionTest" time="5.119"/>
</testsuite>